Request method:	PUT
Request URI:	https://petstore.swagger.io/v2/pet
Proxy:			<none>
Request params:	<none>
Query params:	<none>
Form params:	<none>
Path params:	<none>
Headers:		Accept=*/*
				Content-Type=application/json
Cookies:		<none>
Multiparts:		<none>
Body:
{
    "id": 123456117,
    "category": {
        "id": 0,
        "name": "string"
    },
    "name": "Updated",
    "photoUrls": [
        "https://depositphotos.com/10415184/stock-photo-golden-retriever-dog-sitting-on.html"
    ],
    "tags": [
        {
            "id": 0,
            "name": "string"
        }
    ],
    "status": "available"
}
HTTP/1.1 200 OK
Date: Sun, 19 Jun 2022 21:18:28 GMT
Content-Type: application/json
Transfer-Encoding: chunked
Connection: keep-alive
Access-Control-Allow-Origin: *
Access-Control-Allow-Methods: GET, POST, DELETE, PUT
Access-Control-Allow-Headers: Content-Type, api_key, Authorization
Server: Jetty(9.2.9.v20150224)

{
    "id": 123456117,
    "category": {
        "id": 0,
        "name": "string"
    },
    "name": "Updated",
    "photoUrls": [
        "https://depositphotos.com/10415184/stock-photo-golden-retriever-dog-sitting-on.html"
    ],
    "tags": [
        {
            "id": 0,
            "name": "string"
        }
    ],
    "status": "available"
}
