[INFO ] 2022-06-19 13:31:08.656 [main] Log - connecting DB
[INFO ] 2022-06-19 13:31:08.727 [main] Log - Adding a new actor
[INFO ] 2022-06-19 13:31:08.741 [main] Log - Listing an Actor
[INFO ] 2022-06-19 13:31:08.753 [main] Log - updateActor info
[INFO ] 2022-06-19 13:31:08.754 [main] Log - Listing an Actor
[INFO ] 2022-06-19 13:31:08.767 [main] Log - Delete an actor
[INFO ] 2022-06-19 13:31:08.768 [main] Log - Checking deleted actor not exist in the actor table
[INFO ] 2022-06-19 13:35:08.126 [main] Log - connecting DB
[INFO ] 2022-06-19 13:35:08.152 [main] Log - Adding a new actor
[INFO ] 2022-06-19 13:35:08.162 [main] Log - Listing an Actor
[INFO ] 2022-06-19 13:35:08.170 [main] Log - updateActor info
[INFO ] 2022-06-19 13:35:08.171 [main] Log - Listing an Actor
[INFO ] 2022-06-19 13:35:08.175 [main] Log - Delete an actor
[INFO ] 2022-06-19 13:35:08.176 [main] Log - Checking deleted actor not exist in the actor table
[INFO ] 2022-06-19 13:37:20.178 [main] Log - connecting DB
[INFO ] 2022-06-19 13:37:20.211 [main] Log - Adding a new actor
[INFO ] 2022-06-19 13:37:20.220 [main] Log - Listing an Actor
[INFO ] 2022-06-19 13:37:20.228 [main] Log - updateActor info
[INFO ] 2022-06-19 13:37:20.229 [main] Log - Listing an Actor
[INFO ] 2022-06-19 13:37:20.234 [main] Log - Delete an actor
[INFO ] 2022-06-19 13:37:20.234 [main] Log - Checking deleted actor not exist in the actor table
[INFO ] 2022-06-19 13:55:32.748 [main] Log - connecting DB
[INFO ] 2022-06-19 13:55:32.773 [main] Log - Adding a new actor
[INFO ] 2022-06-19 13:55:32.782 [main] Log - Listing an Actor
[INFO ] 2022-06-19 13:55:32.790 [main] Log - updateActor info
[INFO ] 2022-06-19 13:55:32.791 [main] Log - Listing an Actor
[INFO ] 2022-06-19 13:55:32.795 [main] Log - Delete an actor
[INFO ] 2022-06-19 13:55:32.796 [main] Log - Checking deleted actor not exist in the actor table
[INFO ] 2022-06-19 13:58:23.765 [main] Log - connecting DB
[INFO ] 2022-06-19 13:58:23.818 [main] Log - Adding a new actor
[INFO ] 2022-06-19 13:58:23.828 [main] Log - Listing an Actor
[INFO ] 2022-06-19 13:58:23.836 [main] Log - updateActor info
[INFO ] 2022-06-19 13:58:23.837 [main] Log - Listing an Actor
[INFO ] 2022-06-19 13:58:23.841 [main] Log - Delete an actor
[INFO ] 2022-06-19 13:58:23.842 [main] Log - Checking deleted actor not exist in the actor table
[INFO ] 2022-06-19 13:58:55.512 [main] Log - connecting DB
[INFO ] 2022-06-19 13:58:55.558 [main] Log - Adding a new actor
[INFO ] 2022-06-19 13:58:55.567 [main] Log - Listing an Actor
[INFO ] 2022-06-19 13:58:55.574 [main] Log - updateActor info
[INFO ] 2022-06-19 13:58:55.575 [main] Log - Listing an Actor
[INFO ] 2022-06-19 13:58:55.580 [main] Log - Delete an actor
[INFO ] 2022-06-19 13:58:55.580 [main] Log - Checking deleted actor not exist in the actor table
[INFO ] 2022-06-19 14:01:15.335 [main] Log - connecting DB
[INFO ] 2022-06-19 14:01:15.363 [main] Log - Adding a new actor
[INFO ] 2022-06-19 14:01:15.374 [main] Log - Listing an Actor
[INFO ] 2022-06-19 14:01:15.383 [main] Log - updateActor info
[INFO ] 2022-06-19 14:01:15.384 [main] Log - Listing an Actor
[INFO ] 2022-06-19 14:01:15.388 [main] Log - Delete an actor
[INFO ] 2022-06-19 14:01:15.389 [main] Log - Checking deleted actor not exist in the actor table
[INFO ] 2022-06-19 14:05:58.967 [main] Log - connecting DB
[INFO ] 2022-06-19 14:05:58.999 [main] Log - Adding a new actor
[INFO ] 2022-06-19 14:05:59.011 [main] Log - Listing an Actor
[INFO ] 2022-06-19 14:05:59.018 [main] Log - updateActor info
[INFO ] 2022-06-19 14:05:59.019 [main] Log - Listing an Actor
[INFO ] 2022-06-19 14:05:59.023 [main] Log - Delete an actor
[INFO ] 2022-06-19 14:05:59.024 [main] Log - Checking deleted actor not exist in the actor table
[INFO ] 2022-06-19 14:08:47.969 [main] Log - connecting DB
[INFO ] 2022-06-19 14:08:47.995 [main] Log - Adding a new actor
[INFO ] 2022-06-19 14:08:48.006 [main] Log - Listing an Actor
[INFO ] 2022-06-19 14:08:48.013 [main] Log - updateActor info
[INFO ] 2022-06-19 14:08:48.014 [main] Log - Listing an Actor
[INFO ] 2022-06-19 14:08:48.018 [main] Log - Delete an actor
[INFO ] 2022-06-19 14:08:48.019 [main] Log - Checking deleted actor not exist in the actor table
[INFO ] 2022-06-19 14:10:41.770 [main] Log - connecting DB
[INFO ] 2022-06-19 14:10:41.804 [main] Log - Adding a new actor
[INFO ] 2022-06-19 14:10:41.815 [main] Log - Listing an Actor
[INFO ] 2022-06-19 14:10:41.822 [main] Log - updateActor info
[INFO ] 2022-06-19 14:10:41.823 [main] Log - Listing an Actor
[INFO ] 2022-06-19 14:10:41.827 [main] Log - Delete an actor
[INFO ] 2022-06-19 14:10:41.828 [main] Log - Checking deleted actor not exist in the actor table
[INFO ] 2022-06-19 14:11:19.165 [main] Log - Landing on home page
[INFO ] 2022-06-19 14:11:19.402 [main] Log - Trying login in account
[INFO ] 2022-06-19 14:11:21.734 [main] Log - Assertion test results
[INFO ] 2022-06-19 14:11:25.943 [main] Log - Landing on home page
[INFO ] 2022-06-19 14:11:26.187 [main] Log - Trying login in account
[INFO ] 2022-06-19 14:11:27.007 [main] Log - Assertion test results
